<?xml version="1.0" encoding='ISO-8859-1' standalone='yes' ?>
<TestRun>
  <FailedTests></FailedTests>
  <SuccessfulTests>
    <Test id="1">
      <Name>TestMonster::testgetNumber</Name>
    </Test>
    <Test id="2">
      <Name>TestMonster::testgetCity</Name>
    </Test>
    <Test id="3">
      <Name>TestCity::testGetMonster1</Name>
    </Test>
    <Test id="4">
      <Name>TestCity::testGetMonster2</Name>
    </Test>
    <Test id="5">
      <Name>TestCity::testGetName</Name>
    </Test>
    <Test id="6">
      <Name>TestCity::testGetEast</Name>
    </Test>
    <Test id="7">
      <Name>TestCity::testGetWest</Name>
    </Test>
    <Test id="8">
      <Name>TestCity::testGetSouth</Name>
    </Test>
    <Test id="9">
      <Name>TestCity::testGetNorth</Name>
    </Test>
  </SuccessfulTests>
  <Statistics>
    <Tests>9</Tests>
    <FailuresTotal>0</FailuresTotal>
    <Errors>0</Errors>
    <Failures>0</Failures>
  </Statistics>
</TestRun>
